This file contains any messages produced by compilers while
running configure, to aid debugging if configure makes a mistake.

It was created by hmmvar configure 1.0, which was
generated by GNU Autoconf 2.68.  Invocation command line was

  $ ./configure --prefix=/home/mingming

## --------- ##
## Platform. ##
## --------- ##

hostname = leusine
uname -m = x86_64
uname -r = 3.2.0-70-generic
uname -s = Linux
uname -v = #105-Ubuntu SMP Wed Sep 24 19:49:16 UTC 2014

/usr/bin/uname -p = unknown
/bin/uname -X     = unknown

/bin/arch              = unknown
/usr/bin/arch -k       = unknown
/usr/convex/getsysinfo = unknown
/usr/bin/hostinfo      = unknown
/bin/machine           = unknown
/usr/bin/oslevel       = unknown
/bin/universe          = unknown

PATH: /research/mingming/jdk1.7.0_67/bin/
PATH: /home/mingming/bin
PATH: /home/mingming/lib
PATH: /research/mingming/hadoop-2.5.0/bin
PATH: /home/unix_local/bin
PATH: /usr/lib/lightdm/lightdm
PATH: /usr/local/sbin
PATH: /usr/local/bin
PATH: /usr/sbin
PATH: /usr/bin
PATH: /sbin
PATH: /bin
PATH: /usr/games


## ----------- ##
## Core tests. ##
## ----------- ##

configure:1810: checking for a BSD-compatible install
configure:1878: result: /usr/bin/install -c
configure:1889: checking whether build environment is sane
configure:1939: result: yes
configure:2080: checking for a thread-safe mkdir -p
configure:2119: result: /bin/mkdir -p
configure:2132: checking for gawk
configure:2148: found /usr/bin/gawk
configure:2159: result: gawk
configure:2170: checking whether make sets $(MAKE)
configure:2192: result: yes
configure:2330: checking for g++
configure:2346: found /usr/bin/g++
configure:2357: result: g++
configure:2384: checking for C++ compiler version
configure:2393: g++ --version >&5
g++ (Ubuntu/Linaro 4.6.3-1ubuntu5) 4.6.3
Copyright (C) 2011 Free Software Foundation, Inc.
This is free software; see the source for copying conditions.  There is NO
warranty; not even for MERCHANTABILITY or FITNESS FOR A PARTICULAR PURPOSE.

configure:2404: $? = 0
configure:2393: g++ -v >&5
Using built-in specs.
COLLECT_GCC=g++
COLLECT_LTO_WRAPPER=/usr/lib/gcc/x86_64-linux-gnu/4.6/lto-wrapper
Target: x86_64-linux-gnu
Configured with: ../src/configure -v --with-pkgversion='Ubuntu/Linaro 4.6.3-1ubuntu5' --with-bugurl=file:///usr/share/doc/gcc-4.6/README.Bugs --enable-languages=c,c++,fortran,objc,obj-c++ --prefix=/usr --program-suffix=-4.6 --enable-shared --enable-linker-build-id --with-system-zlib --libexecdir=/usr/lib --without-included-gettext --enable-threads=posix --with-gxx-include-dir=/usr/include/c++/4.6 --libdir=/usr/lib --enable-nls --with-sysroot=/ --enable-clocale=gnu --enable-libstdcxx-debug --enable-libstdcxx-time=yes --enable-gnu-unique-object --enable-plugin --enable-objc-gc --disable-werror --with-arch-32=i686 --with-tune=generic --enable-checking=release --build=x86_64-linux-gnu --host=x86_64-linux-gnu --target=x86_64-linux-gnu
Thread model: posix
gcc version 4.6.3 (Ubuntu/Linaro 4.6.3-1ubuntu5) 
configure:2404: $? = 0
configure:2393: g++ -V >&5
g++: error: unrecognized option '-V'
g++: fatal error: no input files
compilation terminated.
configure:2404: $? = 4
configure:2393: g++ -qversion >&5
g++: error: unrecognized option '-qversion'
g++: fatal error: no input files
compilation terminated.
configure:2404: $? = 4
configure:2424: checking whether the C++ compiler works
configure:2446: g++    conftest.cpp  >&5
configure:2450: $? = 0
configure:2498: result: yes
configure:2501: checking for C++ compiler default output file name
configure:2503: result: a.out
configure:2509: checking for suffix of executables
configure:2516: g++ -o conftest    conftest.cpp  >&5
configure:2520: $? = 0
configure:2542: result: 
configure:2564: checking whether we are cross compiling
configure:2572: g++ -o conftest    conftest.cpp  >&5
configure:2576: $? = 0
configure:2583: ./conftest
configure:2587: $? = 0
configure:2602: result: no
configure:2607: checking for suffix of object files
configure:2629: g++ -c   conftest.cpp >&5
configure:2633: $? = 0
configure:2654: result: o
configure:2658: checking whether we are using the GNU C++ compiler
configure:2677: g++ -c   conftest.cpp >&5
configure:2677: $? = 0
configure:2686: result: yes
configure:2695: checking whether g++ accepts -g
configure:2715: g++ -c -g  conftest.cpp >&5
configure:2715: $? = 0
configure:2756: result: yes
configure:2790: checking for style of include used by make
configure:2818: result: GNU
configure:2844: checking dependency style of g++
configure:2955: result: gcc3
configure:2978: checking for psiblast
configure:2996: found /home/mingming/bin/psiblast
configure:3009: result: /home/mingming/bin/psiblast
configure:3025: checking for muscle
configure:3043: found /home/mingming/bin/muscle
configure:3056: result: /home/mingming/bin/muscle
configure:3072: checking for hmmbuild
configure:3090: found /home/mingming/bin/hmmbuild
configure:3103: result: /home/mingming/bin/hmmbuild
configure:3119: checking for blastdbcmd
configure:3137: found /home/mingming/bin/blastdbcmd
configure:3150: result: /home/mingming/bin/blastdbcmd
configure:3295: creating ./config.status

## ---------------------- ##
## Running config.status. ##
## ---------------------- ##

This file was extended by hmmvar config.status 1.0, which was
generated by GNU Autoconf 2.68.  Invocation command line was

  CONFIG_FILES    = 
  CONFIG_HEADERS  = 
  CONFIG_LINKS    = 
  CONFIG_COMMANDS = 
  $ ./config.status 

on leusine

config.status:854: creating Makefile
config.status:854: creating src/Makefile
config.status:854: creating examples/Makefile
config.status:854: creating config.h
config.status:1035: config.h is unchanged
config.status:1083: executing depfiles commands

## ---------------- ##
## Cache variables. ##
## ---------------- ##

ac_cv_cxx_compiler_gnu=yes
ac_cv_env_CCC_set=
ac_cv_env_CCC_value=
ac_cv_env_CPPFLAGS_set=
ac_cv_env_CPPFLAGS_value=
ac_cv_env_CXXFLAGS_set=
ac_cv_env_CXXFLAGS_value=
ac_cv_env_CXX_set=
ac_cv_env_CXX_value=
ac_cv_env_LDFLAGS_set=
ac_cv_env_LDFLAGS_value=
ac_cv_env_LIBS_set=
ac_cv_env_LIBS_value=
ac_cv_env_build_alias_set=
ac_cv_env_build_alias_value=
ac_cv_env_host_alias_set=
ac_cv_env_host_alias_value=
ac_cv_env_target_alias_set=
ac_cv_env_target_alias_value=
ac_cv_objext=o
ac_cv_path_BLASTDBCMD=/home/mingming/bin/blastdbcmd
ac_cv_path_HMMER=/home/mingming/bin/hmmbuild
ac_cv_path_MUSCLE=/home/mingming/bin/muscle
ac_cv_path_PSIBLAST=/home/mingming/bin/psiblast
ac_cv_path_install='/usr/bin/install -c'
ac_cv_path_mkdir=/bin/mkdir
ac_cv_prog_AWK=gawk
ac_cv_prog_ac_ct_CXX=g++
ac_cv_prog_cxx_g=yes
ac_cv_prog_make_make_set=yes
am_cv_CXX_dependencies_compiler_type=gcc3

## ----------------- ##
## Output variables. ##
## ----------------- ##

ACLOCAL='${SHELL} /home/mingming/Documents/hmmVar1.1.0/HMMvar1.1.0/missing --run aclocal-1.11'
AMDEPBACKSLASH='\'
AMDEP_FALSE='#'
AMDEP_TRUE=''
AMTAR='$${TAR-tar}'
AUTOCONF='${SHELL} /home/mingming/Documents/hmmVar1.1.0/HMMvar1.1.0/missing --run autoconf'
AUTOHEADER='${SHELL} /home/mingming/Documents/hmmVar1.1.0/HMMvar1.1.0/missing --run autoheader'
AUTOMAKE='${SHELL} /home/mingming/Documents/hmmVar1.1.0/HMMvar1.1.0/missing --run automake-1.11'
AWK='gawk'
BLASTDBCMD='/home/mingming/bin/blastdbcmd'
BLAST_DB=''
CPPFLAGS=''
CXX='g++'
CXXDEPMODE='depmode=gcc3'
CXXFLAGS='-g -O2'
CYGPATH_W='echo'
DEFS='-DHAVE_CONFIG_H'
DEPDIR='.deps'
ECHO_C=''
ECHO_N='-n'
ECHO_T=''
EXEEXT=''
HMMER='/home/mingming/bin/hmmbuild'
INSTALL_DATA='${INSTALL} -m 644'
INSTALL_PROGRAM='${INSTALL}'
INSTALL_SCRIPT='${INSTALL}'
INSTALL_STRIP_PROGRAM='$(install_sh) -c -s'
LDFLAGS=''
LIBOBJS=''
LIBS=''
LTLIBOBJS=''
MAKEINFO='${SHELL} /home/mingming/Documents/hmmVar1.1.0/HMMvar1.1.0/missing --run makeinfo'
MKDIR_P='/bin/mkdir -p'
MUSCLE='/home/mingming/bin/muscle'
OBJEXT='o'
PACKAGE='hmmvar'
PACKAGE_BUGREPORT='mingml@vt.edu'
PACKAGE_NAME='hmmvar'
PACKAGE_STRING='hmmvar 1.0'
PACKAGE_TARNAME='hmmvar'
PACKAGE_URL=''
PACKAGE_VERSION='1.0'
PATH_SEPARATOR=':'
PSIBLAST='/home/mingming/bin/psiblast'
SET_MAKE=''
SHELL='/bin/bash'
STRIP=''
VERSION='1.0'
ac_ct_CXX='g++'
am__EXEEXT_FALSE=''
am__EXEEXT_TRUE='#'
am__fastdepCXX_FALSE='#'
am__fastdepCXX_TRUE=''
am__include='include'
am__isrc=''
am__leading_dot='.'
am__nodep='_no'
am__quote=''
am__tar='$${TAR-tar} chof - "$$tardir"'
am__untar='$${TAR-tar} xf -'
bindir='${exec_prefix}/bin'
build_alias=''
datadir='${datarootdir}'
datarootdir='${prefix}/share'
docdir='${datarootdir}/doc/${PACKAGE_TARNAME}'
dvidir='${docdir}'
exec_prefix='${prefix}'
host_alias=''
htmldir='${docdir}'
includedir='${prefix}/include'
infodir='${datarootdir}/info'
install_sh='${SHELL} /home/mingming/Documents/hmmVar1.1.0/HMMvar1.1.0/install-sh'
libdir='${exec_prefix}/lib'
libexecdir='${exec_prefix}/libexec'
localedir='${datarootdir}/locale'
localstatedir='${prefix}/var'
mandir='${datarootdir}/man'
mkdir_p='/bin/mkdir -p'
oldincludedir='/usr/include'
pdfdir='${docdir}'
prefix='/home/mingming'
program_transform_name='s,x,x,'
psdir='${docdir}'
sbindir='${exec_prefix}/sbin'
sharedstatedir='${prefix}/com'
sysconfdir='${prefix}/etc'
target_alias=''

## ----------- ##
## confdefs.h. ##
## ----------- ##

/* confdefs.h */
#define PACKAGE_NAME "hmmvar"
#define PACKAGE_TARNAME "hmmvar"
#define PACKAGE_VERSION "1.0"
#define PACKAGE_STRING "hmmvar 1.0"
#define PACKAGE_BUGREPORT "mingml@vt.edu"
#define PACKAGE_URL ""
#define PACKAGE "hmmvar"
#define VERSION "1.0"

configure: exit 0

## ---------------------- ##
## Running config.status. ##
## ---------------------- ##

This file was extended by hmmvar config.status 1.0, which was
generated by GNU Autoconf 2.68.  Invocation command line was

  CONFIG_FILES    = 
  CONFIG_HEADERS  = 
  CONFIG_LINKS    = 
  CONFIG_COMMANDS = 
  $ ./config.status src/Makefile depfiles

on leusine

config.status:854: creating src/Makefile
config.status:1083: executing depfiles commands

## ---------------------- ##
## Running config.status. ##
## ---------------------- ##

This file was extended by hmmvar config.status 1.0, which was
generated by GNU Autoconf 2.68.  Invocation command line was

  CONFIG_FILES    = 
  CONFIG_HEADERS  = 
  CONFIG_LINKS    = 
  CONFIG_COMMANDS = 
  $ ./config.status src/Makefile depfiles

on leusine

config.status:854: creating src/Makefile
config.status:1083: executing depfiles commands

## ---------------------- ##
## Running config.status. ##
## ---------------------- ##

This file was extended by hmmvar config.status 1.0, which was
generated by GNU Autoconf 2.68.  Invocation command line was

  CONFIG_FILES    = 
  CONFIG_HEADERS  = 
  CONFIG_LINKS    = 
  CONFIG_COMMANDS = 
  $ ./config.status src/Makefile depfiles

on leusine

config.status:854: creating src/Makefile
config.status:1083: executing depfiles commands

## ---------------------- ##
## Running config.status. ##
## ---------------------- ##

This file was extended by hmmvar config.status 1.0, which was
generated by GNU Autoconf 2.68.  Invocation command line was

  CONFIG_FILES    = 
  CONFIG_HEADERS  = 
  CONFIG_LINKS    = 
  CONFIG_COMMANDS = 
  $ ./config.status src/Makefile depfiles

on leusine

config.status:854: creating src/Makefile
config.status:1083: executing depfiles commands
